2018-11-05 16:34:07.816  INFO 10776 --- [           main] trationDelegate$BeanPostProcessorChecker : Bean 'configurationPropertiesRebinderAutoConfiguration' of type [org.springframework.cloud.autoconfigure.ConfigurationPropertiesRebinderAutoConfiguration$$EnhancerBySpringCGLIB$$5cc8fd1c] is not eligible for getting processed by all BeanPostProcessors (for example: not eligible for auto-proxying)

  .   ____          _            __ _ _
 /\\ / ___'_ __ _ _(_)_ __  __ _ \ \ \ \
( ( )\___ | '_ | '_| | '_ \/ _` | \ \ \ \
 \\/  ___)| |_)| | | | | || (_| |  ) ) ) )
  '  |____| .__|_| |_|_| |_\__, | / / / /
 =========|_|==============|___/=/_/_/_/
 :: Spring Boot ::        (v2.1.0.RELEASE)

2018-11-05 16:34:08.071  INFO 10776 --- [           main] c.p.secureUi.SecureUiApplication         : No active profile set, falling back to default profiles: default
2018-11-05 16:34:09.374  INFO 10776 --- [           main] o.s.cloud.context.scope.GenericScope     : BeanFactory id=3731a089-1aaf-397c-836d-c4d1915bc4c3
2018-11-05 16:34:09.433  INFO 10776 --- [           main] trationDelegate$BeanPostProcessorChecker : Bean 'org.springframework.cloud.autoconfigure.ConfigurationPropertiesRebinderAutoConfiguration' of type [org.springframework.cloud.autoconfigure.ConfigurationPropertiesRebinderAutoConfiguration$$EnhancerBySpringCGLIB$$5cc8fd1c] is not eligible for getting processed by all BeanPostProcessors (for example: not eligible for auto-proxying)
2018-11-05 16:34:09.717  INFO 10776 --- [           main] o.s.b.w.embedded.tomcat.TomcatWebServer  : Tomcat initialized with port(s): 8080 (http)
2018-11-05 16:34:09.740  INFO 10776 --- [           main] o.apache.catalina.core.StandardService   : Starting service [Tomcat]
2018-11-05 16:34:09.741  INFO 10776 --- [           main] org.apache.catalina.core.StandardEngine  : Starting Servlet Engine: Apache Tomcat/9.0.12
2018-11-05 16:34:09.751  INFO 10776 --- [           main] o.a.catalina.core.AprLifecycleListener   : The APR based Apache Tomcat Native library which allows optimal performance in production environments was not found on the java.library.path: [/Users/723310/Library/Java/Extensions:/Library/Java/Extensions:/Network/Library/Java/Extensions:/System/Library/Java/Extensions:/usr/lib/java:.]
2018-11-05 16:34:09.838  INFO 10776 --- [           main] o.a.c.c.C.[Tomcat].[localhost].[/]       : Initializing Spring embedded WebApplicationContext
2018-11-05 16:34:09.838  INFO 10776 --- [           main] o.s.web.context.ContextLoader            : Root WebApplicationContext: initialization completed in 1751 ms
2018-11-05 16:34:10.263  INFO 10776 --- [           main] o.s.b.w.servlet.FilterRegistrationBean   : Mapping filter: 'characterEncodingFilter' to: [/*]
2018-11-05 16:34:10.264  INFO 10776 --- [           main] o.s.b.w.servlet.FilterRegistrationBean   : Mapping filter: 'webMvcMetricsFilter' to: [/*]
2018-11-05 16:34:10.264  INFO 10776 --- [           main] o.s.b.w.servlet.FilterRegistrationBean   : Mapping filter: 'hiddenHttpMethodFilter' to: [/*]
2018-11-05 16:34:10.264  INFO 10776 --- [           main] o.s.b.w.servlet.FilterRegistrationBean   : Mapping filter: 'formContentFilter' to: [/*]
2018-11-05 16:34:10.264  INFO 10776 --- [           main] o.s.b.w.servlet.FilterRegistrationBean   : Mapping filter: 'OAuth2ClientContextFilter' to: [/*]
2018-11-05 16:34:10.264  INFO 10776 --- [           main] o.s.b.w.servlet.FilterRegistrationBean   : Mapping filter: 'requestContextFilter' to: [/*]
2018-11-05 16:34:10.265  INFO 10776 --- [           main] .s.DelegatingFilterProxyRegistrationBean : Mapping filter: 'springSecurityFilterChain' to: [/*]
2018-11-05 16:34:10.265  INFO 10776 --- [           main] o.s.b.w.servlet.FilterRegistrationBean   : Mapping filter: 'httpTraceFilter' to: [/*]
2018-11-05 16:34:10.265  INFO 10776 --- [           main] o.s.b.w.servlet.ServletRegistrationBean  : Servlet dispatcherServlet mapped to [/]
2018-11-05 16:34:10.622  INFO 10776 --- [           main] o.s.s.concurrent.ThreadPoolTaskExecutor  : Initializing ExecutorService 'applicationTaskExecutor'
2018-11-05 16:34:10.982  INFO 10776 --- [           main] .s.s.UserDetailsServiceAutoConfiguration : 

Using generated security password: 28636bc7-7982-4c82-b4ab-00068f861e6f

2018-11-05 16:34:11.145  INFO 10776 --- [           main] o.s.s.web.DefaultSecurityFilterChain     : Creating filter chain: any request, [org.springframework.security.web.context.request.async.WebAsyncManagerIntegrationFilter@56673b2c, org.springframework.security.web.context.SecurityContextPersistenceFilter@65b104b9, org.springframework.security.web.header.HeaderWriterFilter@c7ba306, org.springframework.security.web.csrf.CsrfFilter@1b75c2e3, org.springframework.security.web.authentication.logout.LogoutFilter@1339e7aa, org.springframework.security.oauth2.client.filter.OAuth2ClientAuthenticationProcessingFilter@2796aeae, org.springframework.security.web.savedrequest.RequestCacheAwareFilter@327bcebd, org.springframework.security.web.servletapi.SecurityContextHolderAwareRequestFilter@54504ecd, org.springframework.security.web.authentication.AnonymousAuthenticationFilter@b4711e2, org.springframework.security.web.session.SessionManagementFilter@6d167f58, org.springframework.security.web.access.ExceptionTranslationFilter@3bd323e9, org.springframework.security.web.access.intercept.FilterSecurityInterceptor@58ce9668]
2018-11-05 16:34:11.177  INFO 10776 --- [           main] o.s.b.a.e.web.EndpointLinksResolver      : Exposing 2 endpoint(s) beneath base path '/actuator'
2018-11-05 16:34:11.354  INFO 10776 --- [           main] o.s.b.w.embedded.tomcat.TomcatWebServer  : Tomcat started on port(s): 8080 (http) with context path ''
2018-11-05 16:34:11.357  INFO 10776 --- [           main] c.p.secureUi.SecureUiApplication         : Started SecureUiApplication in 4.662 seconds (JVM running for 5.409)
2018-11-05 16:36:13.753  INFO 10776 --- [       Thread-6] o.s.s.concurrent.ThreadPoolTaskExecutor  : Shutting down ExecutorService 'applicationTaskExecutor'
